=== TileLang GEMM Benchmark ===
TileLang GEMM Benchmark
============================================================

[Phase 1] Framework Warmup
  Framework init time: 478.3 ms

[Phase 2] Benchmark per Size
  256x256x256: compile=23.0ms, run=0.022ms, 1560.38 TFLOPS ✓
  512x512x512: compile=25.8ms, run=0.028ms, 9709.04 TFLOPS ✓
  1024x1024x1024: compile=24.5ms, run=0.050ms, 42799.02 TFLOPS ✓
  2048x2048x2048: compile=23.6ms, run=0.199ms, 86480.50 TFLOPS ✓
  4096x4096x4096: compile=21.6ms, run=1.151ms, 119410.80 TFLOPS ✓

[Summary]
  Framework warmup:    478.3 ms (one-time)
  Total JIT compile:   118.4 ms
  Total runtime:       1.4 ms

=== JSON Results ===
{
  "warmup_time_ms": 478.3,
  "total_compile_time_ms": 118.4,
  "benchmarks": [
    {
      "M": 256,
      "N": 256,
      "K": 256,
      "compile_time_ms": 23.0,
      "latency_ms": 0.0215,
      "tflops": 1560.38,
      "success": true
    },
    {
      "M": 512,
      "N": 512,
      "K": 512,
      "compile_time_ms": 25.8,
      "latency_ms": 0.0276,
      "tflops": 9709.04,
      "success": true
    },
    {
      "M": 1024,
      "N": 1024,
      "K": 1024,
      "compile_time_ms": 24.5,
      "latency_ms": 0.0502,
      "tflops": 42799.02,
      "success": true
    },
    {
      "M": 2048,
      "N": 2048,
      "K": 2048,
      "compile_time_ms": 23.6,
      "latency_ms": 0.1987,
      "tflops": 86480.5,
      "success": true
    },
    {
      "M": 4096,
      "N": 4096,
      "K": 4096,
      "compile_time_ms": 21.6,
      "latency_ms": 1.151,
      "tflops": 119410.8,
      "success": true
    }
  ]
}
