=== Triton GEMM Benchmark ===
Triton GEMM Benchmark
============================================================

[Phase 1] Framework Warmup
  Framework init time: 366.6 ms

[Phase 2] Benchmark per Size
  256x256x256: compile=1.23ms, run=0.082ms, 408.76 TFLOPS ✓
  512x512x512: compile=0.01ms, run=0.064ms, 4221.60 TFLOPS ✓
  1024x1024x1024: compile=0.01ms, run=0.080ms, 26775.27 TFLOPS ✓
  2048x2048x2048: compile=0.01ms, run=0.227ms, 75611.33 TFLOPS ✓
  4096x4096x4096: compile=0.01ms, run=1.122ms, 122450.61 TFLOPS ✓

[Summary]
  Framework warmup:    366.6 ms (one-time)
  Total JIT compile:   1.3 ms
  Total runtime:       1.6 ms

=== JSON Results ===
{
  "warmup_time_ms": 366.6,
  "total_compile_time_ms": 1.3,
  "benchmarks": [
    {
      "M": 256,
      "N": 256,
      "K": 256,
      "compile_time_ms": 1.227,
      "latency_ms": 0.0821,
      "tflops": 408.76,
      "success": true
    },
    {
      "M": 512,
      "N": 512,
      "K": 512,
      "compile_time_ms": 0.009,
      "latency_ms": 0.0636,
      "tflops": 4221.6,
      "success": true
    },
    {
      "M": 1024,
      "N": 1024,
      "K": 1024,
      "compile_time_ms": 0.009,
      "latency_ms": 0.0802,
      "tflops": 26775.27,
      "success": true
    },
    {
      "M": 2048,
      "N": 2048,
      "K": 2048,
      "compile_time_ms": 0.007,
      "latency_ms": 0.2272,
      "tflops": 75611.33,
      "success": true
    },
    {
      "M": 4096,
      "N": 4096,
      "K": 4096,
      "compile_time_ms": 0.012,
      "latency_ms": 1.1224,
      "tflops": 122450.61,
      "success": true
    }
  ]
}
